<?xml version="1.0" encoding="UTF-8"?>
<coverage generated="1753041364208" clover="3.2.0">
  <project timestamp="1753041364208" name="All files">
    <metrics statements="46" coveredstatements="46" conditionals="23" coveredconditionals="22" methods="4" coveredmethods="4" elements="73" coveredelements="72" complexity="0" loc="46" ncloc="46" packages="1" files="2" classes="2"/>
    <file name="gildedRose.ts" path="/Users/stevendiamante/personal/tdd-katas-ts/katas/gilded-rose/src/gildedRose.ts">
      <metrics statements="32" coveredstatements="32" conditionals="22" coveredconditionals="21" methods="3" coveredmethods="3"/>
      <line num="1" count="1" type="stmt"/>
      <line num="7" count="9" type="stmt"/>
      <line num="8" count="9" type="stmt"/>
      <line num="9" count="9" type="stmt"/>
      <line num="13" count="1" type="stmt"/>
      <line num="17" count="1" type="stmt"/>
      <line num="21" count="31" type="stmt"/>
      <line num="22" count="279" type="cond" truecount="4" falsecount="0"/>
      <line num="23" count="155" type="cond" truecount="1" falsecount="0"/>
      <line num="24" count="88" type="cond" truecount="1" falsecount="0"/>
      <line num="25" count="26" type="stmt"/>
      <line num="29" count="124" type="cond" truecount="1" falsecount="0"/>
      <line num="30" count="103" type="stmt"/>
      <line num="31" count="103" type="cond" truecount="1" falsecount="0"/>
      <line num="32" count="77" type="cond" truecount="1" falsecount="0"/>
      <line num="33" count="72" type="cond" truecount="1" falsecount="0"/>
      <line num="34" count="70" type="stmt"/>
      <line num="37" count="77" type="cond" truecount="1" falsecount="0"/>
      <line num="38" count="66" type="cond" truecount="1" falsecount="0"/>
      <line num="39" count="65" type="stmt"/>
      <line num="45" count="279" type="cond" truecount="1" falsecount="0"/>
      <line num="46" count="217" type="stmt"/>
      <line num="48" count="279" type="cond" truecount="1" falsecount="0"/>
      <line num="49" count="198" type="cond" truecount="2" falsecount="0"/>
      <line num="50" count="169" type="cond" truecount="2" falsecount="0"/>
      <line num="51" count="106" type="cond" truecount="1" falsecount="0"/>
      <line num="52" count="38" type="cond" truecount="1" falsecount="0"/>
      <line num="53" count="7" type="stmt"/>
      <line num="57" count="63" type="stmt"/>
      <line num="60" count="29" type="cond" truecount="1" falsecount="0"/>
      <line num="61" count="24" type="stmt"/>
      <line num="67" count="31" type="stmt"/>
    </file>
    <file name="goldenMaster.ts" path="/Users/stevendiamante/personal/tdd-katas-ts/katas/gilded-rose/src/goldenMaster.ts">
      <metrics statements="14" coveredstatements="14" conditionals="1" coveredconditionals="1" methods="1" coveredmethods="1"/>
      <line num="1" count="1" type="stmt"/>
      <line num="3" count="1" type="stmt"/>
      <line num="5" count="1" type="stmt"/>
      <line num="18" count="1" type="stmt"/>
      <line num="20" count="1" type="stmt"/>
      <line num="21" count="1" type="cond" truecount="1" falsecount="0"/>
      <line num="22" count="1" type="stmt"/>
      <line num="25" count="1" type="stmt"/>
      <line num="26" count="31" type="stmt"/>
      <line num="27" count="31" type="stmt"/>
      <line num="28" count="31" type="stmt"/>
      <line num="29" count="279" type="stmt"/>
      <line num="32" count="31" type="stmt"/>
      <line num="33" count="31" type="stmt"/>
    </file>
  </project>
</coverage>
