{"/Users/stevendiamante/personal/tdd-katas-ts/katas/gilded-rose/src/gildedRose.ts": {"path":"/Users/stevendiamante/personal/tdd-katas-ts/katas/gilded-rose/src/gildedRose.ts","statementMap":{"0":{"start":{"line":7,"column":8},"end":{"line":7,"column":25}},"1":{"start":{"line":8,"column":8},"end":{"line":8,"column":29}},"2":{"start":{"line":9,"column":8},"end":{"line":9,"column":31}},"3":{"start":{"line":1,"column":0},"end":{"line":1,"column":13}},"4":{"start":{"line":17,"column":8},"end":{"line":17,"column":27}},"5":{"start":{"line":21,"column":8},"end":{"line":65,"column":9}},"6":{"start":{"line":21,"column":21},"end":{"line":21,"column":22}},"7":{"start":{"line":22,"column":12},"end":{"line":44,"column":13}},"8":{"start":{"line":23,"column":16},"end":{"line":27,"column":17}},"9":{"start":{"line":24,"column":20},"end":{"line":26,"column":21}},"10":{"start":{"line":25,"column":24},"end":{"line":25,"column":null}},"11":{"start":{"line":29,"column":16},"end":{"line":43,"column":17}},"12":{"start":{"line":30,"column":20},"end":{"line":30,"column":null}},"13":{"start":{"line":31,"column":20},"end":{"line":42,"column":21}},"14":{"start":{"line":32,"column":24},"end":{"line":36,"column":25}},"15":{"start":{"line":33,"column":28},"end":{"line":35,"column":29}},"16":{"start":{"line":34,"column":32},"end":{"line":34,"column":null}},"17":{"start":{"line":37,"column":24},"end":{"line":41,"column":25}},"18":{"start":{"line":38,"column":28},"end":{"line":40,"column":29}},"19":{"start":{"line":39,"column":32},"end":{"line":39,"column":null}},"20":{"start":{"line":45,"column":12},"end":{"line":47,"column":13}},"21":{"start":{"line":46,"column":16},"end":{"line":46,"column":64}},"22":{"start":{"line":48,"column":12},"end":{"line":64,"column":13}},"23":{"start":{"line":49,"column":16},"end":{"line":63,"column":17}},"24":{"start":{"line":50,"column":20},"end":{"line":58,"column":21}},"25":{"start":{"line":51,"column":24},"end":{"line":55,"column":25}},"26":{"start":{"line":52,"column":28},"end":{"line":54,"column":29}},"27":{"start":{"line":53,"column":32},"end":{"line":53,"column":null}},"28":{"start":{"line":57,"column":24},"end":{"line":57,"column":null}},"29":{"start":{"line":60,"column":20},"end":{"line":62,"column":21}},"30":{"start":{"line":61,"column":24},"end":{"line":61,"column":null}},"31":{"start":{"line":67,"column":8},"end":{"line":67,"column":26}},"32":{"start":{"line":13,"column":0},"end":{"line":13,"column":13}}},"fnMap":{"0":{"name":"(anonymous_0)","decl":{"start":{"line":6,"column":4},"end":{"line":6,"column":16}},"loc":{"start":{"line":6,"column":61},"end":{"line":10,"column":5}}},"1":{"name":"(anonymous_1)","decl":{"start":{"line":16,"column":4},"end":{"line":16,"column":16}},"loc":{"start":{"line":16,"column":41},"end":{"line":18,"column":5}}},"2":{"name":"(anonymous_2)","decl":{"start":{"line":20,"column":4},"end":{"line":20,"column":17}},"loc":{"start":{"line":20,"column":17},"end":{"line":68,"column":5}}}},"branchMap":{"0":{"loc":{"start":{"line":16,"column":16},"end":{"line":16,"column":41}},"type":"default-arg","locations":[{"start":{"line":16,"column":24},"end":{"line":16,"column":41}}]},"1":{"loc":{"start":{"line":22,"column":12},"end":{"line":44,"column":13}},"type":"if","locations":[{"start":{"line":22,"column":12},"end":{"line":44,"column":13}},{"start":{"line":28,"column":19},"end":{"line":44,"column":13}}]},"2":{"loc":{"start":{"line":22,"column":16},"end":{"line":22,"column":118}},"type":"binary-expr","locations":[{"start":{"line":22,"column":16},"end":{"line":22,"column":49}},{"start":{"line":22,"column":53},"end":{"line":22,"column":118}}]},"3":{"loc":{"start":{"line":23,"column":16},"end":{"line":27,"column":17}},"type":"if","locations":[{"start":{"line":23,"column":16},"end":{"line":27,"column":17}}]},"4":{"loc":{"start":{"line":24,"column":20},"end":{"line":26,"column":21}},"type":"if","locations":[{"start":{"line":24,"column":20},"end":{"line":26,"column":21}}]},"5":{"loc":{"start":{"line":29,"column":16},"end":{"line":43,"column":17}},"type":"if","locations":[{"start":{"line":29,"column":16},"end":{"line":43,"column":17}}]},"6":{"loc":{"start":{"line":31,"column":20},"end":{"line":42,"column":21}},"type":"if","locations":[{"start":{"line":31,"column":20},"end":{"line":42,"column":21}}]},"7":{"loc":{"start":{"line":32,"column":24},"end":{"line":36,"column":25}},"type":"if","locations":[{"start":{"line":32,"column":24},"end":{"line":36,"column":25}}]},"8":{"loc":{"start":{"line":33,"column":28},"end":{"line":35,"column":29}},"type":"if","locations":[{"start":{"line":33,"column":28},"end":{"line":35,"column":29}}]},"9":{"loc":{"start":{"line":37,"column":24},"end":{"line":41,"column":25}},"type":"if","locations":[{"start":{"line":37,"column":24},"end":{"line":41,"column":25}}]},"10":{"loc":{"start":{"line":38,"column":28},"end":{"line":40,"column":29}},"type":"if","locations":[{"start":{"line":38,"column":28},"end":{"line":40,"column":29}}]},"11":{"loc":{"start":{"line":45,"column":12},"end":{"line":47,"column":13}},"type":"if","locations":[{"start":{"line":45,"column":12},"end":{"line":47,"column":13}}]},"12":{"loc":{"start":{"line":48,"column":12},"end":{"line":64,"column":13}},"type":"if","locations":[{"start":{"line":48,"column":12},"end":{"line":64,"column":13}}]},"13":{"loc":{"start":{"line":49,"column":16},"end":{"line":63,"column":17}},"type":"if","locations":[{"start":{"line":49,"column":16},"end":{"line":63,"column":17}},{"start":{"line":59,"column":23},"end":{"line":63,"column":17}}]},"14":{"loc":{"start":{"line":50,"column":20},"end":{"line":58,"column":21}},"type":"if","locations":[{"start":{"line":50,"column":20},"end":{"line":58,"column":21}},{"start":{"line":56,"column":27},"end":{"line":58,"column":21}}]},"15":{"loc":{"start":{"line":51,"column":24},"end":{"line":55,"column":25}},"type":"if","locations":[{"start":{"line":51,"column":24},"end":{"line":55,"column":25}}]},"16":{"loc":{"start":{"line":52,"column":28},"end":{"line":54,"column":29}},"type":"if","locations":[{"start":{"line":52,"column":28},"end":{"line":54,"column":29}}]},"17":{"loc":{"start":{"line":60,"column":20},"end":{"line":62,"column":21}},"type":"if","locations":[{"start":{"line":60,"column":20},"end":{"line":62,"column":21}}]}},"s":{"0":9,"1":9,"2":9,"3":1,"4":1,"5":31,"6":31,"7":279,"8":155,"9":88,"10":26,"11":124,"12":103,"13":103,"14":77,"15":72,"16":70,"17":77,"18":66,"19":65,"20":279,"21":217,"22":279,"23":198,"24":169,"25":106,"26":38,"27":7,"28":63,"29":29,"30":24,"31":31,"32":1},"f":{"0":9,"1":1,"2":31},"b":{"0":[0],"1":[155,124],"2":[279,248],"3":[88],"4":[26],"5":[103],"6":[77],"7":[72],"8":[70],"9":[66],"10":[65],"11":[217],"12":[198],"13":[169,29],"14":[106,63],"15":[38],"16":[7],"17":[24]}}
,"/Users/stevendiamante/personal/tdd-katas-ts/katas/gilded-rose/src/goldenMaster.ts": {"path":"/Users/stevendiamante/personal/tdd-katas-ts/katas/gilded-rose/src/goldenMaster.ts","statementMap":{"0":{"start":{"line":1,"column":0},"end":{"line":1,"column":48}},"1":{"start":{"line":3,"column":0},"end":{"line":3,"column":null}},"2":{"start":{"line":5,"column":14},"end":{"line":15,"column":42}},"3":{"start":{"line":18,"column":19},"end":{"line":18,"column":40}},"4":{"start":{"line":20,"column":19},"end":{"line":20,"column":20}},"5":{"start":{"line":21,"column":0},"end":{"line":23,"column":1}},"6":{"start":{"line":22,"column":4},"end":{"line":22,"column":28}},"7":{"start":{"line":25,"column":0},"end":{"line":34,"column":1}},"8":{"start":{"line":25,"column":13},"end":{"line":25,"column":14}},"9":{"start":{"line":26,"column":4},"end":{"line":26,"column":51}},"10":{"start":{"line":27,"column":4},"end":{"line":27,"column":41}},"11":{"start":{"line":28,"column":4},"end":{"line":31,"column":7}},"12":{"start":{"line":29,"column":8},"end":{"line":29,"column":83}},"13":{"start":{"line":32,"column":4},"end":{"line":32,"column":18}},"14":{"start":{"line":33,"column":4},"end":{"line":33,"column":31}}},"fnMap":{"0":{"name":"(anonymous_0)","decl":{"start":{"line":28,"column":18},"end":{"line":28,"column":25}},"loc":{"start":{"line":28,"column":28},"end":{"line":31,"column":5}}}},"branchMap":{"0":{"loc":{"start":{"line":21,"column":0},"end":{"line":23,"column":1}},"type":"if","locations":[{"start":{"line":21,"column":0},"end":{"line":23,"column":1}}]}},"s":{"0":1,"1":1,"2":1,"3":1,"4":1,"5":1,"6":1,"7":1,"8":1,"9":31,"10":31,"11":31,"12":279,"13":31,"14":31},"f":{"0":279},"b":{"0":[1]}}
}
