TN:
SF:src/gildedRose.ts
FN:6,(anonymous_0)
FN:16,(anonymous_1)
FN:20,(anonymous_2)
FNF:3
FNH:3
FNDA:9,(anonymous_0)
FNDA:1,(anonymous_1)
FNDA:31,(anonymous_2)
DA:1,1
DA:7,9
DA:8,9
DA:9,9
DA:13,1
DA:17,1
DA:21,31
DA:22,279
DA:23,155
DA:24,88
DA:25,26
DA:29,124
DA:30,103
DA:31,103
DA:32,77
DA:33,72
DA:34,70
DA:37,77
DA:38,66
DA:39,65
DA:45,279
DA:46,217
DA:48,279
DA:49,198
DA:50,169
DA:51,106
DA:52,38
DA:53,7
DA:57,63
DA:60,29
DA:61,24
DA:67,31
LF:32
LH:32
BRDA:16,0,0,0
BRDA:22,1,0,155
BRDA:22,1,1,124
BRDA:22,2,0,279
BRDA:22,2,1,248
BRDA:23,3,0,88
BRDA:24,4,0,26
BRDA:29,5,0,103
BRDA:31,6,0,77
BRDA:32,7,0,72
BRDA:33,8,0,70
BRDA:37,9,0,66
BRDA:38,10,0,65
BRDA:45,11,0,217
BRDA:48,12,0,198
BRDA:49,13,0,169
BRDA:49,13,1,29
BRDA:50,14,0,106
BRDA:50,14,1,63
BRDA:51,15,0,38
BRDA:52,16,0,7
BRDA:60,17,0,24
BRF:22
BRH:21
end_of_record
TN:
SF:src/goldenMaster.ts
FN:28,(anonymous_0)
FNF:1
FNH:1
FNDA:279,(anonymous_0)
DA:1,1
DA:3,1
DA:5,1
DA:18,1
DA:20,1
DA:21,1
DA:22,1
DA:25,1
DA:26,31
DA:27,31
DA:28,31
DA:29,279
DA:32,31
DA:33,31
LF:14
LH:14
BRDA:21,0,0,1
BRF:1
BRH:1
end_of_record
